build/app/outputs/mapping/release/seeds.txt
com.example.social_media_ui_demo.MainActivity
com.example.social_media_ui_demo.MainActivity: MainActivity()
...
androidx.window.embedding.MatcherUtils: androidx.window.embedding.MatcherUtils INSTANCE
kotlinx.coroutines.scheduling.CoroutineScheduler$Worker: int indexInArray
androidx.window.layout.SidecarCompat$FirstAttachAdapter: androidx.window.layout.SidecarCompat sidecarCompat
androidx.window.layout.WindowInfoTracker$Companion: androidx.window.layout.WindowInfoTrackerDecorator decorator
androidx.window.embedding.ActivityRule: boolean alwaysExpand
androidx.window.layout.WindowInfoTrackerImpl: int BUFFER_CAPACITY
androidx.window.layout.WindowMetrics: androidx.window.core.Bounds _bounds
io.flutter.view.AccessibilityViewEmbedder: io.flutter.view.AccessibilityViewEmbedder$ReflectionAccessors reflectionAccessors
androidx.window.embedding.ExtensionEmbeddingBackend: java.lang.String TAG
io.flutter.embedding.engine.FlutterJNI: java.lang.String TAG
androidx.window.layout.FoldingFeature$State: androidx.window.layout.FoldingFeature$State$Companion Companion
io.flutter.embedding.engine.renderer.FlutterRenderer$ImageTextureRegistryEntry: boolean released
kotlinx.coroutines.scheduling.CoroutineScheduler: long parkedWorkersStack
androidx.window.core.Version: java.lang.String VERSION_PATTERN_STRING
androidx.window.R$styleable: int SplitPairFilter_secondaryActivityAction
androidx.window.R$attr: int splitLayoutDirection
io.flutter.embedding.engine.renderer.SurfaceTextureWrapper: boolean attached
kotlinx.coroutines.channels.AbstractSendChannel: java.lang.Object onCloseHandler
io.flutter.embedding.engine.FlutterJNI: io.flutter.embedding.engine.deferredcomponents.DeferredComponentManager deferredComponentManager
androidx.window.layout.FoldingFeature$Orientation: java.lang.String description
androidx.lifecycle.Lifecycle$Event: androidx.lifecycle.Lifecycle$Event ON_PAUSE
androidx.window.layout.SidecarCompat$registerConfigurationChangeListener$configChangeObserver$1: androidx.window.layout.SidecarCompat this$0
kotlin.coroutines.jvm.internal.SuspendLambda: int arity
androidx.window.embedding.ActivityFilter: android.content.ComponentName componentName
io.flutter.embedding.engine.mutatorsstack.FlutterMutatorsStack: android.graphics.Matrix finalMatrix
kotlinx.coroutines.EventLoopImplBase: java.lang.Object _queue
io.flutter.embedding.engine.FlutterJNI: io.flutter.embedding.engine.FlutterJNI$AsyncWaitForVsyncDelegate asyncWaitForVsyncDelegate
kotlin.jvm.internal.CallableReference: kotlin.reflect.KCallable reflected
io.flutter.embedding.engine.FlutterJNI: java.util.Set engineLifecycleListeners
androidx.window.R$styleable: int[] SplitPlaceholderRule
androidx.window.embedding.ActivityStack: boolean isEmpty
kotlinx.coroutines.scheduling.CoroutineScheduler: long controlState
androidx.window.layout.ExtensionWindowLayoutInfoBackend$MulticastConsumer: java.util.Set registeredListeners
kotlinx.coroutines.internal.DispatchedContinuation: java.lang.Object _reusableCancellableContinuation
kotlinx.coroutines.scheduling.WorkQueue: int producerIndex
androidx.window.layout.WindowMetricsCalculator$Companion: androidx.window.layout.WindowMetricsCalculator$Companion $$INSTANCE
io.flutter.plugin.platform.SingleViewPresentation: boolean startFocused
androidx.window.R$styleable: int SplitPairRule_splitMinWidth
kotlin.jvm.internal.Lambda: int arity
kotlinx.coroutines.CommonPool: java.util.concurrent.Executor pool
androidx.window.R$attr: int primaryActivityName
androidx.window.layout.SidecarCompat$DistinctSidecarElementCallback: androidx.window.sidecar.SidecarInterface$SidecarCallback callbackInterface
androidx.window.R$styleable: int SplitPairRule_splitMinSmallestWidth
androidx.lifecycle.Lifecycle$Event: androidx.lifecycle.Lifecycle$Event ON_CREATE
androidx.window.embedding.SplitPairFilter: java.lang.String secondaryActivityIntentAction
androidx.window.core.Version: int major
kotlin.coroutines.jvm.internal.ContinuationImpl: kotlin.coroutines.Continuation intercepted
androidx.window.layout.HardwareFoldingFeature: androidx.window.layout.HardwareFoldingFeature$Companion Companion