build/app/outputs/mapping/release/mapping.txt
# compiler: R8
# compiler_version: 3.3.70
# min_api: 19
# common_typos_disable
# {"id":"com.android.tools.r8.mapping","version":"2.0"}
# pg_map_id: 6d4fb35
# pg_map_hash: SHA-256 6d4fb353c2227ed2aa9c56162037b15009a26051fc50e726ef2558214bca85bf
...
kotlinx.coroutines.CoroutineContextKt -> s0.e0:
    boolean useCoroutinesScheduler -> a
    kotlinx.coroutines.CoroutineDispatcher createDefaultDispatcher() -> a
    java.lang.String getCoroutineName(kotlin.coroutines.CoroutineContext) -> b
    kotlin.coroutines.CoroutineContext newCoroutineContext(kotlinx.coroutines.CoroutineScope,kotlin.coroutines.CoroutineContext) -> c
    kotlinx.coroutines.UndispatchedCoroutine undispatchedCompletion(kotlin.coroutines.jvm.internal.CoroutineStackFrame) -> d
    kotlinx.coroutines.UndispatchedCoroutine updateUndispatchedCompletion(kotlin.coroutines.Continuation,kotlin.coroutines.CoroutineContext,java.lang.Object) -> e
kotlinx.coroutines.CoroutineDispatcher -> s0.f0:
    kotlinx.coroutines.CoroutineDispatcher$Key Key -> d
    void releaseInterceptedContinuation(kotlin.coroutines.Continuation) -> g
    void dispatch(kotlin.coroutines.CoroutineContext,java.lang.Runnable) -> j
    kotlin.coroutines.Continuation interceptContinuation(kotlin.coroutines.Continuation) -> k
    boolean isDispatchNeeded(kotlin.coroutines.CoroutineContext) -> n
kotlinx.coroutines.CoroutineDispatcher$Key -> s0.f0$a:
kotlinx.coroutines.CoroutineDispatcher$Key$1 -> s0.f0$a$a:
    kotlinx.coroutines.CoroutineDispatcher$Key$1 INSTANCE -> d
    kotlinx.coroutines.CoroutineDispatcher invoke(kotlin.coroutines.CoroutineContext$Element) -> a
kotlinx.coroutines.CoroutineExceptionHandler -> kotlinx.coroutines.CoroutineExceptionHandler:
    kotlinx.coroutines.CoroutineExceptionHandler$Key Key -> b
kotlinx.coroutines.CoroutineExceptionHandler$Key -> kotlinx.coroutines.CoroutineExceptionHandler$a:
    kotlinx.coroutines.CoroutineExceptionHandler$Key $$INSTANCE -> d
kotlinx.coroutines.CoroutineExceptionHandlerImplKt -> s0.g0:
    java.util.List handlers -> a
    void handleCoroutineExceptionImpl(kotlin.coroutines.CoroutineContext,java.lang.Throwable) -> a
kotlinx.coroutines.CoroutineExceptionHandlerKt -> s0.h0:
    void handleCoroutineException(kotlin.coroutines.CoroutineContext,java.lang.Throwable) -> a
    java.lang.Throwable handlerException(java.lang.Throwable,java.lang.Throwable) -> b
kotlinx.coroutines.CoroutineScope -> s0.i0:
    kotlin.coroutines.CoroutineContext getCoroutineContext() -> j
kotlinx.coroutines.CoroutineScopeKt -> s0.j0:
    kotlinx.coroutines.CoroutineScope CoroutineScope(kotlin.coroutines.CoroutineContext) -> a
kotlinx.coroutines.CoroutineStart -> s0.k0:
    kotlinx.coroutines.CoroutineStart UNDISPATCHED -> g
    kotlinx.coroutines.CoroutineStart[] $VALUES -> h
    kotlinx.coroutines.CoroutineStart DEFAULT -> d
    kotlinx.coroutines.CoroutineStart ATOMIC -> f
    kotlinx.coroutines.CoroutineStart LAZY -> e
    kotlinx.coroutines.CoroutineStart[] $values() -> a
    void invoke(kotlin.jvm.functions.Function2,java.lang.Object,kotlin.coroutines.Continuation) -> b
    boolean isLazy() -> c
kotlinx.coroutines.CoroutineStart$WhenMappings -> s0.k0$a:
    int[] $EnumSwitchMapping$0 -> a
kotlinx.coroutines.CoroutinesInternalError -> s0.l0:
kotlinx.coroutines.DebugStringsKt -> s0.m0:
    java.lang.String getClassSimpleName(java.lang.Object) -> a
    java.lang.String getHexAddress(java.lang.Object) -> b
    java.lang.String toDebugString(kotlin.coroutines.Continuation) -> c
kotlinx.coroutines.DefaultExecutor -> s0.n0:
    kotlinx.coroutines.DefaultExecutor INSTANCE -> j
    long KEEP_ALIVE_NANOS -> k
    void acknowledgeShutdownIfNeeded() -> P
    java.lang.Thread createThreadSync() -> Q
    boolean isShutdownRequested() -> R
    boolean notifyStartup() -> S
    java.lang.Thread getThread() -> y
kotlinx.coroutines.DispatchedCoroutine -> s0.o0:
    java.util.concurrent.atomic.AtomicIntegerFieldUpdater _decision$FU -> g
    void afterResume(java.lang.Object) -> s0
    void afterCompletion(java.lang.Object) -> w
    boolean tryResume() -> x0