build/app/outputs/mapping/release/usage.txt
com.example.social_media_ui_demo.BuildConfig
com.example.social_media_ui_demo.R$attr
com.example.social_media_ui_demo.R$color
com.example.social_media_ui_demo.R$dimen
com.example.social_media_ui_demo.R$drawable
com.example.social_media_ui_demo.R$id
com.example.social_media_ui_demo.R$integer
com.example.social_media_ui_demo.R$layout
com.example.social_media_ui_demo.R$mipmap
com.example.social_media_ui_demo.R$string
com.example.social_media_ui_demo.R$style
com.example.social_media_ui_demo.R$styleable
com.example.social_media_ui_demo.R
...
androidx.activity.OnBackPressedDispatcher$LifecycleOnBackPressedCancellable:
    private final androidx.activity.OnBackPressedCallback mOnBackPressedCallback
    final synthetic androidx.activity.OnBackPressedDispatcher this$0
androidx.activity.OnBackPressedDispatcher:
    androidx.activity.Cancellable addCancellableCallback(androidx.activity.OnBackPressedCallback)
    public void onBackPressed()
androidx.core.app.ComponentActivity
androidx.fragment.app.Fragment$2:
    final synthetic androidx.fragment.app.Fragment this$0
androidx.fragment.app.Fragment
androidx.lifecycle.ClassesInfoCache$CallbackInfo
androidx.lifecycle.LiveData$LifecycleBoundObserver:
    final synthetic androidx.lifecycle.LiveData this$0
androidx.lifecycle.LiveData$ObserverWrapper:
    final androidx.lifecycle.Observer mObserver
    final synthetic androidx.lifecycle.LiveData this$0
androidx.lifecycle.LiveData
androidx.lifecycle.Observer
androidx.lifecycle.ReflectiveGenericLifecycleObserver:
    private final androidx.lifecycle.ClassesInfoCache$CallbackInfo mInfo
    private final java.lang.Object mWrapped
androidx.lifecycle.ViewModelStore
androidx.savedstate.Recreator:
    private void reflectiveNew(java.lang.String)
androidx.savedstate.SavedStateRegistry$1:
    final synthetic androidx.savedstate.SavedStateRegistry this$0
androidx.savedstate.SavedStateRegistry$AutoRecreated
androidx.savedstate.SavedStateRegistry:
    boolean mAllowingSavingState
    public android.os.Bundle consumeRestoredStateForKey(java.lang.String)
io.flutter.Log:
    public static int ASSERT
    public static int DEBUG
    public static int ERROR
    public static int INFO
    public static int VERBOSE
    public static int WARN
    private static int logLevel
io.flutter.embedding.engine.FlutterEngineConnectionRegistry$FlutterEngineBroadcastReceiverPluginBinding
io.flutter.embedding.engine.FlutterEngineConnectionRegistry$FlutterEngineContentProviderPluginBinding
io.flutter.embedding.engine.FlutterEngineConnectionRegistry$FlutterEngineServicePluginBinding
io.flutter.embedding.engine.FlutterEngineConnectionRegistry:
    private io.flutter.embedding.engine.FlutterEngineConnectionRegistry$FlutterEngineBroadcastReceiverPluginBinding broadcastReceiverPluginBinding
    private io.flutter.embedding.engine.FlutterEngineConnectionRegistry$FlutterEngineContentProviderPluginBinding contentProviderPluginBinding
    private io.flutter.embedding.engine.FlutterEngineConnectionRegistry$FlutterEngineServicePluginBinding servicePluginBinding
io.flutter.embedding.engine.loader.ResourceExtractor:
    void waitForCompletion()
io.flutter.embedding.engine.systemchannels.PlatformChannel$PlatformMessageHandler$-CC
io.flutter.embedding.engine.systemchannels.SettingsChannel:
    static final synthetic boolean $assertionsDisabled
io.flutter.plugin.common.BinaryMessenger$-CC
io.flutter.plugin.platform.PlatformPlugin$PlatformPluginDelegate$-CC
io.flutter.plugin.platform.PlatformView$-CC
io.flutter.plugin.platform.VirtualDisplayController:
    private static java.lang.String TAG
io.flutter.view.TextureRegistry$SurfaceTextureEntry$-CC
io.flutter.view.VsyncWaiter:
    public static io.flutter.view.VsyncWaiter getInstance(float,io.flutter.embedding.engine.FlutterJNI)
kotlin.collections.ArraysKt:
    public static synthetic bridge java.util.List sortedWith(java.lang.Object[],java.util.Comparator)
kotlin.collections.ArraysKt___ArraysJvmKt:
    public static final void sortWith(java.lang.Object[],java.util.Comparator)
kotlin.collections.ArraysKt___ArraysKt:
    public static final java.lang.Object[] sortedArrayWith(java.lang.Object[],java.util.Comparator)
    public static java.util.List sortedWith(java.lang.Object[],java.util.Comparator)
kotlin.comparisons.ComparisonsKt
kotlin.comparisons.ComparisonsKt__ComparisonsKt
kotlin.comparisons.ComparisonsKt___ComparisonsJvmKt
kotlin.comparisons.ComparisonsKt___ComparisonsKt